<?xml version="1.0" encoding="UTF-8"?>
<!-- Generated by org.testng.reporters.JUnitReportReporter -->
<testsuite hostname="DenisDesktop" name="test.java.googleTest.GoogleTests" tests="2" failures="0" timestamp="13 Jul 2017 01:19:12 GMT" time="8.057" errors="0">
  <testcase name="clickFirstLinkCheckTitle" time="2.735" classname="test.java.googleTest.GoogleTests"/>
  <testcase name="clickFirstLinkCheckTitle" time="5.322" classname="test.java.googleTest.GoogleTests"/>
</testsuite> <!-- test.java.googleTest.GoogleTests -->
